<?xml version="1.0" encoding="UTF-8"?>
<!-- Generated by org.testng.reporters.JUnitReportReporter -->
<testsuite hostname="GDPORLIM106" failures="0" tests="1" name="test.day2" time="0.003" errors="0" timestamp="2020-05-07T13:24:15 COT" skipped="0">
  <testcase classname="test.day2" name="ploand" time="0.003"/>
  <system-out/>
</testsuite> <!-- test.day2 -->
