<?xml version="1.0" encoding="UTF-8"?>
<!-- Generated by org.testng.reporters.JUnitReportReporter -->
<testsuite hostname="GDPORLIM106" failures="0" tests="2" name="test.day1" time="0.021" errors="0" timestamp="2020-05-07T13:24:15 COT" skipped="0">
  <testcase classname="test.day1" name="secondTest" time="0.002"/>
  <system-out/>
  <testcase classname="test.day1" name="demo" time="0.019"/>
  <system-out/>
</testsuite> <!-- test.day1 -->
